[0.054s] Invoking command in '/workspaces/workspace1/ws1_pkg/build/ws1_pkg': CMAKE_PREFIX_PATH=/opt/ros/humble /usr/bin/cmake /workspaces/workspace1/ws1_pkg -DCMAKE_INSTALL_PREFIX=/workspaces/workspace1/ws1_pkg/install/ws1_pkg
[0.481s] -- The C compiler identification is GNU 11.3.0
[0.844s] -- The CXX compiler identification is GNU 11.3.0
[0.890s] -- Detecting C compiler ABI info
[1.297s] -- Detecting C compiler ABI info - done
[1.318s] -- Check for working C compiler: /usr/bin/cc - skipped
[1.320s] -- Detecting C compile features
[1.322s] -- Detecting C compile features - done
[1.342s] -- Detecting CXX compiler ABI info
[1.741s] -- Detecting CXX compiler ABI info - done
[1.762s] -- Check for working CXX compiler: /usr/bin/c++ - skipped
[1.764s] -- Detecting CXX compile features
[1.766s] -- Detecting CXX compile features - done
[1.793s] -- Found ament_cmake: 1.3.4 (/opt/ros/humble/share/ament_cmake/cmake)
[2.011s] -- Found Python3: /usr/bin/python3.10 (found version "3.10.6") found components: Interpreter 
[2.215s] -- Found ament_lint_auto: 0.12.6 (/opt/ros/humble/share/ament_lint_auto/cmake)
[2.775s] -- Added test 'cppcheck' to perform static code analysis on C / C++ code
[2.777s] -- Configured cppcheck include dirs: 
[2.782s] -- Configured cppcheck exclude dirs and/or files: 
[2.938s] -- Added test 'lint_cmake' to check CMake code style
[3.257s] -- Added test 'uncrustify' to check C / C++ code style
[3.260s] -- Configured uncrustify additional arguments: 
[3.314s] -- Added test 'xmllint' to check XML markup files
[3.392s] -- Configuring done
[3.632s] -- Generating done
[3.690s] -- Build files have been written to: /workspaces/workspace1/ws1_pkg/build/ws1_pkg
[3.694s] Invoked command in '/workspaces/workspace1/ws1_pkg/build/ws1_pkg' returned '0': CMAKE_PREFIX_PATH=/opt/ros/humble /usr/bin/cmake /workspaces/workspace1/ws1_pkg -DCMAKE_INSTALL_PREFIX=/workspaces/workspace1/ws1_pkg/install/ws1_pkg
[3.699s] Invoking command in '/workspaces/workspace1/ws1_pkg/build/ws1_pkg': CMAKE_PREFIX_PATH=/opt/ros/humble /usr/bin/cmake --build /workspaces/workspace1/ws1_pkg/build/ws1_pkg -- -j4 -l4
[3.774s] Invoked command in '/workspaces/workspace1/ws1_pkg/build/ws1_pkg' returned '0': CMAKE_PREFIX_PATH=/opt/ros/humble /usr/bin/cmake --build /workspaces/workspace1/ws1_pkg/build/ws1_pkg -- -j4 -l4
[3.824s] Invoking command in '/workspaces/workspace1/ws1_pkg/build/ws1_pkg': CMAKE_PREFIX_PATH=/opt/ros/humble /usr/bin/cmake --install /workspaces/workspace1/ws1_pkg/build/ws1_pkg
[3.842s] -- Install configuration: ""
[3.857s] -- Installing: /workspaces/workspace1/ws1_pkg/install/ws1_pkg/share/ament_index/resource_index/package_run_dependencies/ws1_pkg
[3.884s] -- Installing: /workspaces/workspace1/ws1_pkg/install/ws1_pkg/share/ament_index/resource_index/parent_prefix_path/ws1_pkg
[3.911s] -- Installing: /workspaces/workspace1/ws1_pkg/install/ws1_pkg/share/ws1_pkg/environment/ament_prefix_path.sh
[3.925s] -- Installing: /workspaces/workspace1/ws1_pkg/install/ws1_pkg/share/ws1_pkg/environment/ament_prefix_path.dsv
[3.944s] -- Installing: /workspaces/workspace1/ws1_pkg/install/ws1_pkg/share/ws1_pkg/environment/path.sh
[3.963s] -- Installing: /workspaces/workspace1/ws1_pkg/install/ws1_pkg/share/ws1_pkg/environment/path.dsv
[3.981s] -- Installing: /workspaces/workspace1/ws1_pkg/install/ws1_pkg/share/ws1_pkg/local_setup.bash
[4.000s] -- Installing: /workspaces/workspace1/ws1_pkg/install/ws1_pkg/share/ws1_pkg/local_setup.sh
[4.015s] -- Installing: /workspaces/workspace1/ws1_pkg/install/ws1_pkg/share/ws1_pkg/local_setup.zsh
[4.029s] -- Installing: /workspaces/workspace1/ws1_pkg/install/ws1_pkg/share/ws1_pkg/local_setup.dsv
[4.044s] -- Installing: /workspaces/workspace1/ws1_pkg/install/ws1_pkg/share/ws1_pkg/package.dsv
[4.068s] -- Installing: /workspaces/workspace1/ws1_pkg/install/ws1_pkg/share/ament_index/resource_index/packages/ws1_pkg
[4.090s] -- Installing: /workspaces/workspace1/ws1_pkg/install/ws1_pkg/share/ws1_pkg/cmake/ws1_pkgConfig.cmake
[4.104s] -- Installing: /workspaces/workspace1/ws1_pkg/install/ws1_pkg/share/ws1_pkg/cmake/ws1_pkgConfig-version.cmake
[4.124s] -- Installing: /workspaces/workspace1/ws1_pkg/install/ws1_pkg/share/ws1_pkg/package.xml
[4.143s] Invoked command in '/workspaces/workspace1/ws1_pkg/build/ws1_pkg' returned '0': CMAKE_PREFIX_PATH=/opt/ros/humble /usr/bin/cmake --install /workspaces/workspace1/ws1_pkg/build/ws1_pkg
