[0.732s] DEBUG:colcon:Command line arguments: ['/usr/bin/colcon', 'build']
[0.732s] DEBUG:colcon:Parsed command line arguments: Namespace(log_base=None, log_level=None, verb_name='build', build_base='build', install_base='install', merge_install=False, symlink_install=False, test_result_base=None, continue_on_error=False, executor='parallel', parallel_workers=4, event_handlers=None, ignore_user_meta=False, metas=['./colcon.meta'], base_paths=['.'], packages_ignore=None, packages_ignore_regex=None, paths=None, packages_up_to=None, packages_up_to_regex=None, packages_above=None, packages_above_and_dependencies=None, packages_above_depth=None, packages_select_by_dep=None, packages_skip_by_dep=None, packages_skip_up_to=None, packages_select_build_failed=False, packages_skip_build_finished=False, packages_select_test_failures=False, packages_skip_test_passed=False, packages_select=None, packages_skip=None, packages_select_regex=None, packages_skip_regex=None, packages_start=None, packages_end=None, allow_overriding=[], cmake_args=None, cmake_target=None, cmake_target_skip_unavailable=False, cmake_clean_cache=False, cmake_clean_first=False, cmake_force_configure=False, ament_cmake_args=None, catkin_cmake_args=None, catkin_skip_building_tests=False, verb_parser=<colcon_defaults.argument_parser.defaults.DefaultArgumentsDecorator object at 0x7f42421ac130>, verb_extension=<colcon_core.verb.build.BuildVerb object at 0x7f424297a350>, main=<bound method BuildVerb.main of <colcon_core.verb.build.BuildVerb object at 0x7f424297a350>>)
[0.835s] Level 1:colcon.colcon_core.package_discovery:discover_packages(colcon_meta) check parameters
[0.837s] Level 1:colcon.colcon_core.package_discovery:discover_packages(recursive) check parameters
[0.838s] Level 1:colcon.colcon_core.package_discovery:discover_packages(ignore) check parameters
[0.839s] Level 1:colcon.colcon_core.package_discovery:discover_packages(path) check parameters
[0.839s] Level 1:colcon.colcon_core.package_discovery:discover_packages(colcon_meta) discover
[0.840s] Level 1:colcon.colcon_core.package_discovery:discover_packages(recursive) discover
[0.840s] INFO:colcon.colcon_core.package_discovery:Crawling recursively for packages in '/workspaces/workspace1/ws1_pkg'
[0.843s] Level 1:colcon.colcon_core.package_identification:_identify(.) by extensions ['ignore', 'ignore_ament_install']
[0.844s] Level 1:colcon.colcon_core.package_identification:_identify(.) by extension 'ignore'
[0.845s] Level 1:colcon.colcon_core.package_identification:_identify(.) by extension 'ignore_ament_install'
[0.847s] Level 1:colcon.colcon_core.package_identification:_identify(.) by extensions ['colcon_pkg']
[0.847s] Level 1:colcon.colcon_core.package_identification:_identify(.) by extension 'colcon_pkg'
[0.848s] Level 1:colcon.colcon_core.package_identification:_identify(.) by extensions ['colcon_meta']
[0.848s] Level 1:colcon.colcon_core.package_identification:_identify(.) by extension 'colcon_meta'
[0.849s] Level 1:colcon.colcon_core.package_identification:_identify(.) by extensions ['ros']
[0.849s] Level 1:colcon.colcon_core.package_identification:_identify(.) by extension 'ros'
[0.872s] DEBUG:colcon.colcon_core.package_identification:Package '.' with type 'ros.ament_cmake' and name 'ws1_pkg'
[0.872s] Level 1:colcon.colcon_core.package_discovery:discover_packages(recursive) using defaults
[0.873s] Level 1:colcon.colcon_core.package_discovery:discover_packages(ignore) discover
[0.874s] Level 1:colcon.colcon_core.package_discovery:discover_packages(ignore) using defaults
[0.874s] Level 1:colcon.colcon_core.package_discovery:discover_packages(path) discover
[0.875s] Level 1:colcon.colcon_core.package_discovery:discover_packages(path) using defaults
[0.919s] Level 1:colcon.colcon_core.package_discovery:discover_packages(prefix_path) check parameters
[0.920s] Level 1:colcon.colcon_core.package_discovery:discover_packages(prefix_path) discover
[0.928s] DEBUG:colcon.colcon_installed_package_information.package_discovery:Found 270 installed packages in /opt/ros/humble
[0.931s] Level 1:colcon.colcon_core.package_discovery:discover_packages(prefix_path) using defaults
[1.021s] Level 5:colcon.colcon_core.verb:set package 'ws1_pkg' build argument 'cmake_args' from command line to 'None'
[1.022s] Level 5:colcon.colcon_core.verb:set package 'ws1_pkg' build argument 'cmake_target' from command line to 'None'
[1.023s] Level 5:colcon.colcon_core.verb:set package 'ws1_pkg' build argument 'cmake_target_skip_unavailable' from command line to 'False'
[1.024s] Level 5:colcon.colcon_core.verb:set package 'ws1_pkg' build argument 'cmake_clean_cache' from command line to 'False'
[1.024s] Level 5:colcon.colcon_core.verb:set package 'ws1_pkg' build argument 'cmake_clean_first' from command line to 'False'
[1.025s] Level 5:colcon.colcon_core.verb:set package 'ws1_pkg' build argument 'cmake_force_configure' from command line to 'False'
[1.025s] Level 5:colcon.colcon_core.verb:set package 'ws1_pkg' build argument 'ament_cmake_args' from command line to 'None'
[1.026s] Level 5:colcon.colcon_core.verb:set package 'ws1_pkg' build argument 'catkin_cmake_args' from command line to 'None'
[1.026s] Level 5:colcon.colcon_core.verb:set package 'ws1_pkg' build argument 'catkin_skip_building_tests' from command line to 'False'
[1.027s] DEBUG:colcon.colcon_core.verb:Building package 'ws1_pkg' with the following arguments: {'ament_cmake_args': None, 'build_base': '/workspaces/workspace1/ws1_pkg/build/ws1_pkg', 'catkin_cmake_args': None, 'catkin_skip_building_tests': False, 'cmake_args': None, 'cmake_clean_cache': False, 'cmake_clean_first': False, 'cmake_force_configure': False, 'cmake_target': None, 'cmake_target_skip_unavailable': False, 'install_base': '/workspaces/workspace1/ws1_pkg/install/ws1_pkg', 'merge_install': False, 'path': '/workspaces/workspace1/ws1_pkg', 'symlink_install': False, 'test_result_base': None}
[1.028s] INFO:colcon.colcon_core.executor:Executing jobs using 'parallel' executor
[1.033s] DEBUG:colcon.colcon_parallel_executor.executor.parallel:run_until_complete
[1.033s] INFO:colcon.colcon_ros.task.ament_cmake.build:Building ROS package in '/workspaces/workspace1/ws1_pkg' with build type 'ament_cmake'
[1.034s] INFO:colcon.colcon_cmake.task.cmake.build:Building CMake package in '/workspaces/workspace1/ws1_pkg'
[1.048s] INFO:colcon.colcon_core.plugin_system:Skipping extension 'colcon_core.shell.bat': Not used on non-Windows systems
[1.049s] INFO:colcon.colcon_core.shell:Skip shell extension 'powershell' for command environment: Not usable outside of PowerShell
[1.049s] DEBUG:colcon.colcon_core.shell:Skip shell extension 'dsv' for command environment
[1.094s] DEBUG:colcon.colcon_core.event_handler.log_command:Invoking command in '/workspaces/workspace1/ws1_pkg/build/ws1_pkg': CMAKE_PREFIX_PATH=/opt/ros/humble /usr/bin/cmake /workspaces/workspace1/ws1_pkg -DCMAKE_INSTALL_PREFIX=/workspaces/workspace1/ws1_pkg/install/ws1_pkg
[4.734s] DEBUG:colcon.colcon_core.event_handler.log_command:Invoked command in '/workspaces/workspace1/ws1_pkg/build/ws1_pkg' returned '0': CMAKE_PREFIX_PATH=/opt/ros/humble /usr/bin/cmake /workspaces/workspace1/ws1_pkg -DCMAKE_INSTALL_PREFIX=/workspaces/workspace1/ws1_pkg/install/ws1_pkg
[4.737s] DEBUG:colcon.colcon_core.event_handler.log_command:Invoking command in '/workspaces/workspace1/ws1_pkg/build/ws1_pkg': CMAKE_PREFIX_PATH=/opt/ros/humble /usr/bin/cmake --build /workspaces/workspace1/ws1_pkg/build/ws1_pkg -- -j4 -l4
[4.812s] DEBUG:colcon.colcon_core.event_handler.log_command:Invoked command in '/workspaces/workspace1/ws1_pkg/build/ws1_pkg' returned '0': CMAKE_PREFIX_PATH=/opt/ros/humble /usr/bin/cmake --build /workspaces/workspace1/ws1_pkg/build/ws1_pkg -- -j4 -l4
[4.839s] DEBUG:colcon.colcon_core.event_handler.log_command:Invoking command in '/workspaces/workspace1/ws1_pkg/build/ws1_pkg': CMAKE_PREFIX_PATH=/opt/ros/humble /usr/bin/cmake --install /workspaces/workspace1/ws1_pkg/build/ws1_pkg
[5.155s] Level 1:colcon.colcon_core.environment:create_environment_scripts_only(ws1_pkg)
[5.158s] DEBUG:colcon.colcon_core.event_handler.log_command:Invoked command in '/workspaces/workspace1/ws1_pkg/build/ws1_pkg' returned '0': CMAKE_PREFIX_PATH=/opt/ros/humble /usr/bin/cmake --install /workspaces/workspace1/ws1_pkg/build/ws1_pkg
[5.170s] Level 1:colcon.colcon_core.environment:checking '/workspaces/workspace1/ws1_pkg/install/ws1_pkg' for CMake module files
[5.190s] Level 1:colcon.colcon_core.environment:checking '/workspaces/workspace1/ws1_pkg/install/ws1_pkg' for CMake config files
[5.201s] Level 1:colcon.colcon_core.shell:create_environment_hook('ws1_pkg', 'cmake_prefix_path')
[5.204s] INFO:colcon.colcon_core.shell:Creating environment hook '/workspaces/workspace1/ws1_pkg/install/ws1_pkg/share/ws1_pkg/hook/cmake_prefix_path.ps1'
[5.211s] INFO:colcon.colcon_core.shell:Creating environment descriptor '/workspaces/workspace1/ws1_pkg/install/ws1_pkg/share/ws1_pkg/hook/cmake_prefix_path.dsv'
[5.216s] INFO:colcon.colcon_core.shell:Creating environment hook '/workspaces/workspace1/ws1_pkg/install/ws1_pkg/share/ws1_pkg/hook/cmake_prefix_path.sh'
[5.222s] Level 1:colcon.colcon_core.environment:checking '/workspaces/workspace1/ws1_pkg/install/ws1_pkg/bin'
[5.223s] Level 1:colcon.colcon_core.environment:checking '/workspaces/workspace1/ws1_pkg/install/ws1_pkg/lib/pkgconfig/ws1_pkg.pc'
[5.224s] Level 1:colcon.colcon_core.environment:checking '/workspaces/workspace1/ws1_pkg/install/ws1_pkg/lib/python3.10/site-packages'
[5.225s] Level 1:colcon.colcon_core.environment:checking '/workspaces/workspace1/ws1_pkg/install/ws1_pkg/bin'
[5.228s] INFO:colcon.colcon_core.shell:Creating package script '/workspaces/workspace1/ws1_pkg/install/ws1_pkg/share/ws1_pkg/package.ps1'
[5.234s] INFO:colcon.colcon_core.shell:Creating package descriptor '/workspaces/workspace1/ws1_pkg/install/ws1_pkg/share/ws1_pkg/package.dsv'
[5.239s] INFO:colcon.colcon_core.shell:Creating package script '/workspaces/workspace1/ws1_pkg/install/ws1_pkg/share/ws1_pkg/package.sh'
[5.245s] INFO:colcon.colcon_core.shell:Creating package script '/workspaces/workspace1/ws1_pkg/install/ws1_pkg/share/ws1_pkg/package.bash'
[5.251s] INFO:colcon.colcon_core.shell:Creating package script '/workspaces/workspace1/ws1_pkg/install/ws1_pkg/share/ws1_pkg/package.zsh'
[5.257s] Level 1:colcon.colcon_core.environment:create_file_with_runtime_dependencies(/workspaces/workspace1/ws1_pkg/install/ws1_pkg/share/colcon-core/packages/ws1_pkg)
[5.305s] Level 1:colcon.colcon_core.environment:create_environment_scripts_only(ws1_pkg)
[5.308s] Level 1:colcon.colcon_core.environment:checking '/workspaces/workspace1/ws1_pkg/install/ws1_pkg' for CMake module files
[5.324s] Level 1:colcon.colcon_core.environment:checking '/workspaces/workspace1/ws1_pkg/install/ws1_pkg' for CMake config files
[5.333s] Level 1:colcon.colcon_core.shell:create_environment_hook('ws1_pkg', 'cmake_prefix_path')
[5.336s] INFO:colcon.colcon_core.shell:Creating environment hook '/workspaces/workspace1/ws1_pkg/install/ws1_pkg/share/ws1_pkg/hook/cmake_prefix_path.ps1'
[5.342s] INFO:colcon.colcon_core.shell:Creating environment descriptor '/workspaces/workspace1/ws1_pkg/install/ws1_pkg/share/ws1_pkg/hook/cmake_prefix_path.dsv'
[5.348s] INFO:colcon.colcon_core.shell:Creating environment hook '/workspaces/workspace1/ws1_pkg/install/ws1_pkg/share/ws1_pkg/hook/cmake_prefix_path.sh'
[5.354s] Level 1:colcon.colcon_core.environment:checking '/workspaces/workspace1/ws1_pkg/install/ws1_pkg/bin'
[5.355s] Level 1:colcon.colcon_core.environment:checking '/workspaces/workspace1/ws1_pkg/install/ws1_pkg/lib/pkgconfig/ws1_pkg.pc'
[5.357s] Level 1:colcon.colcon_core.environment:checking '/workspaces/workspace1/ws1_pkg/install/ws1_pkg/lib/python3.10/site-packages'
[5.358s] Level 1:colcon.colcon_core.environment:checking '/workspaces/workspace1/ws1_pkg/install/ws1_pkg/bin'
[5.361s] INFO:colcon.colcon_core.shell:Creating package script '/workspaces/workspace1/ws1_pkg/install/ws1_pkg/share/ws1_pkg/package.ps1'
[5.366s] INFO:colcon.colcon_core.shell:Creating package descriptor '/workspaces/workspace1/ws1_pkg/install/ws1_pkg/share/ws1_pkg/package.dsv'
[5.370s] INFO:colcon.colcon_core.shell:Creating package script '/workspaces/workspace1/ws1_pkg/install/ws1_pkg/share/ws1_pkg/package.sh'
[5.377s] INFO:colcon.colcon_core.shell:Creating package script '/workspaces/workspace1/ws1_pkg/install/ws1_pkg/share/ws1_pkg/package.bash'
[5.383s] INFO:colcon.colcon_core.shell:Creating package script '/workspaces/workspace1/ws1_pkg/install/ws1_pkg/share/ws1_pkg/package.zsh'
[5.389s] Level 1:colcon.colcon_core.environment:create_file_with_runtime_dependencies(/workspaces/workspace1/ws1_pkg/install/ws1_pkg/share/colcon-core/packages/ws1_pkg)
[5.394s] DEBUG:colcon.colcon_parallel_executor.executor.parallel:closing loop
[5.395s] DEBUG:colcon.colcon_parallel_executor.executor.parallel:loop closed
[5.397s] DEBUG:colcon.colcon_parallel_executor.executor.parallel:run_until_complete finished with '0'
[5.398s] DEBUG:colcon.colcon_core.event_reactor:joining thread
[5.414s] INFO:colcon.colcon_core.plugin_system:Skipping extension 'colcon_notification.desktop_notification.notify_send': Could not find 'notify-send'
[5.415s] INFO:colcon.colcon_core.plugin_system:Skipping extension 'colcon_notification.desktop_notification.terminal_notifier': Not used on non-Darwin systems
[5.415s] INFO:colcon.colcon_core.plugin_system:Skipping extension 'colcon_notification.desktop_notification.win32': Not used on non-Windows systems
[5.416s] INFO:colcon.colcon_notification.desktop_notification:Sending desktop notification using 'notify2'
[5.417s] DEBUG:colcon.colcon_notification.desktop_notification.notify2:Failed to initialize notify2: org.freedesktop.DBus.Error.NotSupported: Unable to autolaunch a dbus-daemon without a $DISPLAY for X11
[5.417s] DEBUG:colcon.colcon_core.event_reactor:joined thread
[5.419s] INFO:colcon.colcon_core.shell:Creating prefix script '/workspaces/workspace1/ws1_pkg/install/local_setup.ps1'
[5.424s] INFO:colcon.colcon_core.shell:Creating prefix util module '/workspaces/workspace1/ws1_pkg/install/_local_setup_util_ps1.py'
[5.430s] INFO:colcon.colcon_core.shell:Creating prefix chain script '/workspaces/workspace1/ws1_pkg/install/setup.ps1'
[5.437s] INFO:colcon.colcon_core.shell:Creating prefix script '/workspaces/workspace1/ws1_pkg/install/local_setup.sh'
[5.444s] INFO:colcon.colcon_core.shell:Creating prefix util module '/workspaces/workspace1/ws1_pkg/install/_local_setup_util_sh.py'
[5.448s] INFO:colcon.colcon_core.shell:Creating prefix chain script '/workspaces/workspace1/ws1_pkg/install/setup.sh'
[5.454s] INFO:colcon.colcon_core.shell:Creating prefix script '/workspaces/workspace1/ws1_pkg/install/local_setup.bash'
[5.459s] INFO:colcon.colcon_core.shell:Creating prefix chain script '/workspaces/workspace1/ws1_pkg/install/setup.bash'
[5.465s] INFO:colcon.colcon_core.shell:Creating prefix script '/workspaces/workspace1/ws1_pkg/install/local_setup.zsh'
[5.471s] INFO:colcon.colcon_core.shell:Creating prefix chain script '/workspaces/workspace1/ws1_pkg/install/setup.zsh'
